android/app/build/intermediates/manifest_merge_blame_file/debug/manifest-merger-blame-debug-report.txt
1<?xml version="1.0" encoding="utf-8"?>
2<manifest xmlns:android="http://schemas.android.com/apk/res/android"
3    package="com.portafolio_movil"
4    android:versionCode="1"
5    android:versionName="1.0" >
6
7    <uses-sdk
8        android:minSdkVersion="21"
9        android:targetSdkVersion="33" />
10
11    <uses-permission android:name="android.permission.SYSTEM_ALERT_WINDOW" />
11-->src\debug\AndroidManifest.xml:5:5-77
11-->src\debug\AndroidManifest.xml:5:22-75
12    <uses-permission android:name="android.permission.INTERNET" />
12-->src\main\AndroidManifest.xml:3:5-67
12-->src\main\AndroidManifest.xml:3:22-64
13    <uses-permission android:name="android.permission.CAMERA" />
13-->src\main\AndroidManifest.xml:4:5-65
13-->src\main\AndroidManifest.xml:4:22-62
14    <uses-permission android:name="android.permission.READ_EXTERNAL_STORAGE" />
14-->src\main\AndroidManifest.xml:5:5-80
14-->src\main\AndroidManifest.xml:5:22-77
15    <uses-permission
15-->src\main\AndroidManifest.xml:6:5-107
16        android:name="android.permission.WRITE_EXTERNAL_STORAGE"
16-->src\main\AndroidManifest.xml:6:22-78
17        android:maxSdkVersion="28" />
17-->src\main\AndroidManifest.xml:6:79-105
18    <uses-permission android:name="android.permission.ACCESS_WIFI_STATE" />
18-->[com.facebook.flipper:flipper:0.182.0] AndroidManifest.xml:16:5-76
18-->[com.facebook.flipper:flipper:0.182.0] AndroidManifest.xml:16:22-73
19    <!--
20         Required to keep CPU alive while downloading files
21        (NOT to keep screen awake)
22    -->
23    <uses-permission android:name="android.permission.WAKE_LOCK" />
23-->[:react-native-blob-util] AndroidManifest.xml:14:5-68
23-->[:react-native-blob-util] AndroidManifest.xml:14:22-65
24    <!--
25         Required to poll the state of the network connection
26        and respond to changes
27    -->
28    <uses-permission android:name="android.permission.ACCESS_NETWORK_STATE" /> <!-- Required to to download files without a notification -->
28-->[:react-native-blob-util] AndroidManifest.xml:20:5-79
28-->[:react-native-blob-util] AndroidManifest.xml:20:22-76
29    <uses-permission android:name="android.permission.DOWNLOAD_WITHOUT_NOTIFICATION" />
29-->[:react-native-blob-util] AndroidManifest.xml:32:5-88
29-->[:react-native-blob-util] AndroidManifest.xml:32:22-85
30
31    <application
31-->src\main\AndroidManifest.xml:9:5-28:19
32        android:name="com.portafolio_movil.MainApplication"
32-->src\main\AndroidManifest.xml:10:7-38
33        android:allowBackup="false"
33-->src\main\AndroidManifest.xml:14:7-34
34        android:appComponentFactory="androidx.core.app.CoreComponentFactory"
34-->[androidx.core:core:1.7.0] AndroidManifest.xml:24:18-86
35        android:debuggable="true"
36        android:icon="@mipmap/ic_launcher"
36-->src\main\AndroidManifest.xml:12:7-41
37        android:label="@string/app_name"
37-->src\main\AndroidManifest.xml:11:7-39
38        android:roundIcon="@mipmap/ic_launcher_round"
38-->src\main\AndroidManifest.xml:13:7-52
39        android:theme="@style/AppTheme"
39-->src\main\AndroidManifest.xml:15:7-38
40        android:usesCleartextTraffic="true" >
40-->src\debug\AndroidManifest.xml:8:9-44
41        <activity
41-->src\debug\AndroidManifest.xml:11:9-111
42            android:name="com.facebook.react.devsupport.DevSettingsActivity"
42-->src\debug\AndroidManifest.xml:11:19-83
43            android:exported="false" />
43-->src\debug\AndroidManifest.xml:11:84-108
44        <activity
44-->src\main\AndroidManifest.xml:16:7-27:18
45            android:name="com.portafolio_movil.MainActivity"
45-->src\main\AndroidManifest.xml:17:9-37
46            android:configChanges="keyboard|keyboardHidden|orientation|screenLayout|screenSize|smallestScreenSize|uiMode"
46-->src\main\AndroidManifest.xml:19:9-118
47            android:exported="true"
47-->src\main\AndroidManifest.xml:22:9-32
48            android:label="@string/app_name"
48-->src\main\AndroidManifest.xml:18:9-41
49            android:launchMode="singleTask"
49-->src\main\AndroidManifest.xml:20:9-40
50            android:windowSoftInputMode="adjustResize" >
50-->src\main\AndroidManifest.xml:21:9-51
51            <intent-filter>
51-->src\main\AndroidManifest.xml:23:9-26:25
52                <action android:name="android.intent.action.MAIN" />
52-->src\main\AndroidManifest.xml:24:13-65
52-->src\main\AndroidManifest.xml:24:21-62
53
54                <category android:name="android.intent.category.LAUNCHER" />
54-->src\main\AndroidManifest.xml:25:13-73
54-->src\main\AndroidManifest.xml:25:23-70
55            </intent-filter>
56        </activity>
57
58        <provider
58-->[:react-native-blob-util] AndroidManifest.xml:35:9-43:20
59            android:name="com.ReactNativeBlobUtil.Utils.FileProvider"
59-->[:react-native-blob-util] AndroidManifest.xml:36:13-70
60            android:authorities="com.portafolio_movil.provider"
60-->[:react-native-blob-util] AndroidManifest.xml:37:13-60
61            android:exported="false"
61-->[:react-native-blob-util] AndroidManifest.xml:38:13-37
62            android:grantUriPermissions="true" >
62-->[:react-native-blob-util] AndroidManifest.xml:39:13-47
63            <meta-data
63-->[:react-native-blob-util] AndroidManifest.xml:40:13-42:58
64                android:name="android.support.FILE_PROVIDER_PATHS"
64-->[:react-native-blob-util] AndroidManifest.xml:41:17-67
65                android:resource="@xml/provider_paths" />
65-->[:react-native-blob-util] AndroidManifest.xml:42:17-55
66        </provider>
67        <provider
67-->[:react-native-image-picker] AndroidManifest.xml:8:9-16:20
68            android:name="com.imagepicker.ImagePickerProvider"
68-->[:react-native-image-picker] AndroidManifest.xml:9:13-63
69            android:authorities="com.portafolio_movil.imagepickerprovider"
69-->[:react-native-image-picker] AndroidManifest.xml:10:13-71
70            android:exported="false"
70-->[:react-native-image-picker] AndroidManifest.xml:11:13-37
71            android:grantUriPermissions="true" >
71-->[:react-native-image-picker] AndroidManifest.xml:12:13-47
72            <meta-data
72-->[:react-native-blob-util] AndroidManifest.xml:40:13-42:58
73                android:name="android.support.FILE_PROVIDER_PATHS"
73-->[:react-native-blob-util] AndroidManifest.xml:41:17-67
74                android:resource="@xml/imagepicker_provider_paths" />
74-->[:react-native-blob-util] AndroidManifest.xml:42:17-55
75        </provider>
76        <provider
76-->[:react-native-webview] AndroidManifest.xml:8:9-16:20
77            android:name="com.reactnativecommunity.webview.RNCWebViewFileProvider"
77-->[:react-native-webview] AndroidManifest.xml:9:13-83
78            android:authorities="com.portafolio_movil.fileprovider"
78-->[:react-native-webview] AndroidManifest.xml:10:13-64
79            android:exported="false"
79-->[:react-native-webview] AndroidManifest.xml:11:13-37
80            android:grantUriPermissions="true" >
80-->[:react-native-webview] AndroidManifest.xml:12:13-47
81            <meta-data
81-->[:react-native-blob-util] AndroidManifest.xml:40:13-42:58
82                android:name="android.support.FILE_PROVIDER_PATHS"
82-->[:react-native-blob-util] AndroidManifest.xml:41:17-67
83                android:resource="@xml/file_provider_paths" />
83-->[:react-native-blob-util] AndroidManifest.xml:42:17-55
84        </provider>
85
86        <meta-data
86-->[com.facebook.soloader:soloader:0.10.5] AndroidManifest.xml:12:9-14:37
87            android:name="com.facebook.soloader.enabled"
87-->[com.facebook.soloader:soloader:0.10.5] AndroidManifest.xml:13:13-57
88            android:value="false" />
88-->[com.facebook.soloader:soloader:0.10.5] AndroidManifest.xml:14:13-34
89
90        <provider
90-->[androidx.emoji2:emoji2:1.0.0] AndroidManifest.xml:26:9-34:20
91            android:name="androidx.startup.InitializationProvider"
91-->[androidx.emoji2:emoji2:1.0.0] AndroidManifest.xml:27:13-67
92            android:authorities="com.portafolio_movil.androidx-startup"
92-->[androidx.emoji2:emoji2:1.0.0] AndroidManifest.xml:28:13-68
93            android:exported="false" >
93-->[androidx.emoji2:emoji2:1.0.0] AndroidManifest.xml:29:13-37
94            <meta-data
94-->[androidx.emoji2:emoji2:1.0.0] AndroidManifest.xml:31:13-33:52
95                android:name="androidx.emoji2.text.EmojiCompatInitializer"
95-->[androidx.emoji2:emoji2:1.0.0] AndroidManifest.xml:32:17-75
96                android:value="androidx.startup" />
96-->[androidx.emoji2:emoji2:1.0.0] AndroidManifest.xml:33:17-49
97            <meta-data
97-->[androidx.lifecycle:lifecycle-process:2.4.0] AndroidManifest.xml:31:13-33:52
98                android:name="androidx.lifecycle.ProcessLifecycleInitializer"
98-->[androidx.lifecycle:lifecycle-process:2.4.0] AndroidManifest.xml:32:17-78
99                android:value="androidx.startup" />
99-->[androidx.lifecycle:lifecycle-process:2.4.0] AndroidManifest.xml:33:17-49
100        </provider>
101    </application>
102
103</manifest>